2025-05-04T11:40:55.238-03:00  INFO 21220 --- [libraryapi] [main] com.projeto.libraryapi.Application       : Starting Application using Java 21.0.6 with PID 21220 (C:\projetos_spring\libraryapi\target\classes started by morai in C:\projetos_spring\libraryapi)
2025-05-04T11:40:55.261-03:00  INFO 21220 --- [libraryapi] [main] com.projeto.libraryapi.Application       : No active profile set, falling back to 1 default profile: "default"
2025-05-04T11:40:58.381-03:00  INFO 21220 --- [libraryapi] [main] .s.d.r.c.RepositoryConfigurationDelegate : Bootstrapping Spring Data JPA repositories in DEFAULT mode.
2025-05-04T11:40:58.886-03:00  INFO 21220 --- [libraryapi] [main] .s.d.r.c.RepositoryConfigurationDelegate : Finished Spring Data repository scanning in 468 ms. Found 4 JPA repository interfaces.
2025-05-04T11:41:01.036-03:00  INFO 21220 --- [libraryapi] [main] o.s.b.w.embedded.tomcat.TomcatWebServer  : Tomcat initialized with port 8080 (http)
2025-05-04T11:41:01.074-03:00  INFO 21220 --- [libraryapi] [main] o.apache.catalina.core.StandardService   : Starting service [Tomcat]
2025-05-04T11:41:01.074-03:00  INFO 21220 --- [libraryapi] [main] o.apache.catalina.core.StandardEngine    : Starting Servlet engine: [Apache Tomcat/10.1.30]
2025-05-04T11:41:01.317-03:00  INFO 21220 --- [libraryapi] [main] o.a.c.c.C.[Tomcat].[localhost].[/]       : Initializing Spring embedded WebApplicationContext
2025-05-04T11:41:01.318-03:00  INFO 21220 --- [libraryapi] [main] w.s.c.ServletWebServerApplicationContext : Root WebApplicationContext: initialization completed in 5945 ms
2025-05-04T11:41:01.494-03:00  WARN 21220 --- [libraryapi] [main] com.zaxxer.hikari.HikariConfig           : library-db-pool - idleTimeout is close to or more than maxLifetime, disabling it.
2025-05-04T11:41:01.511-03:00  INFO 21220 --- [libraryapi] [main] com.zaxxer.hikari.HikariDataSource       : library-db-pool - Starting...
2025-05-04T11:41:02.766-03:00  INFO 21220 --- [libraryapi] [main] com.zaxxer.hikari.pool.HikariPool        : library-db-pool - Added connection org.postgresql.jdbc.PgConnection@7e747037
2025-05-04T11:41:02.774-03:00  INFO 21220 --- [libraryapi] [main] com.zaxxer.hikari.HikariDataSource       : library-db-pool - Start completed.
2025-05-04T11:41:03.057-03:00  INFO 21220 --- [libraryapi] [main] o.hibernate.jpa.internal.util.LogHelper  : HHH000204: Processing PersistenceUnitInfo [name: default]
2025-05-04T11:41:03.389-03:00  INFO 21220 --- [libraryapi] [main] org.hibernate.Version                    : HHH000412: Hibernate ORM core version 6.5.3.Final
2025-05-04T11:41:03.564-03:00  INFO 21220 --- [libraryapi] [main] o.h.c.internal.RegionFactoryInitiator    : HHH000026: Second-level cache disabled
2025-05-04T11:41:05.997-03:00  INFO 21220 --- [libraryapi] [main] o.s.o.j.p.SpringPersistenceUnitInfo      : No LoadTimeWeaver setup: ignoring JPA class transformer
2025-05-04T11:41:10.041-03:00  INFO 21220 --- [libraryapi] [main] o.h.e.t.j.p.i.JtaPlatformInitiator       : HHH000489: No JTA platform available (set 'hibernate.transaction.jta.platform' to enable JTA platform integration)
2025-05-04T11:41:10.045-03:00  INFO 21220 --- [libraryapi] [main] j.LocalContainerEntityManagerFactoryBean : Initialized JPA EntityManagerFactory for persistence unit 'default'
2025-05-04T11:41:11.447-03:00  WARN 21220 --- [libraryapi] [main] JpaBaseConfiguration$JpaWebConfiguration : spring.jpa.open-in-view is enabled by default. Therefore, database queries may be performed during view rendering. Explicitly configure spring.jpa.open-in-view to disable this warning
2025-05-04T11:41:11.526-03:00  INFO 21220 --- [libraryapi] [main] eAuthenticationProviderManagerConfigurer : Global AuthenticationManager configured with AuthenticationProvider bean with name customAuthenticationProvider
2025-05-04T11:41:14.119-03:00  WARN 21220 --- [libraryapi] [main] o.s.s.c.a.web.builders.WebSecurity       : You are asking Spring Security to ignore Deferred [Mvc [pattern='/v2/api-docs/**'], Ant [pattern='/v2/api-docs/**']]. This is not recommended -- please use permitAll via HttpSecurity#authorizeHttpRequests instead.
2025-05-04T11:41:14.120-03:00  WARN 21220 --- [libraryapi] [main] o.s.s.c.a.web.builders.WebSecurity       : You are asking Spring Security to ignore Deferred [Mvc [pattern='/v3/api-docs/**'], Ant [pattern='/v3/api-docs/**']]. This is not recommended -- please use permitAll via HttpSecurity#authorizeHttpRequests instead.
2025-05-04T11:41:14.121-03:00  WARN 21220 --- [libraryapi] [main] o.s.s.c.a.web.builders.WebSecurity       : You are asking Spring Security to ignore Deferred [Mvc [pattern='/swagger-resources/**'], Ant [pattern='/swagger-resources/**']]. This is not recommended -- please use permitAll via HttpSecurity#authorizeHttpRequests instead.
2025-05-04T11:41:14.121-03:00  WARN 21220 --- [libraryapi] [main] o.s.s.c.a.web.builders.WebSecurity       : You are asking Spring Security to ignore Deferred [Mvc [pattern='/swagger-ui.html'], Ant [pattern='/swagger-ui.html']]. This is not recommended -- please use permitAll via HttpSecurity#authorizeHttpRequests instead.
2025-05-04T11:41:14.121-03:00  WARN 21220 --- [libraryapi] [main] o.s.s.c.a.web.builders.WebSecurity       : You are asking Spring Security to ignore Deferred [Mvc [pattern='/swagger-ui/**'], Ant [pattern='/swagger-ui/**']]. This is not recommended -- please use permitAll via HttpSecurity#authorizeHttpRequests instead.
2025-05-04T11:41:14.122-03:00  WARN 21220 --- [libraryapi] [main] o.s.s.c.a.web.builders.WebSecurity       : You are asking Spring Security to ignore Deferred [Mvc [pattern='/webjars/**'], Ant [pattern='/webjars/**']]. This is not recommended -- please use permitAll via HttpSecurity#authorizeHttpRequests instead.
2025-05-04T11:41:15.152-03:00  INFO 21220 --- [libraryapi] [main] o.s.b.w.embedded.tomcat.TomcatWebServer  : Tomcat started on port 8080 (http) with context path '/'
2025-05-04T11:41:15.166-03:00  INFO 21220 --- [libraryapi] [main] com.projeto.libraryapi.Application       : Started Application in 21.144 seconds (process running for 22.943)
2025-05-04T11:51:44.657-03:00  INFO 21220 --- [libraryapi] [SpringApplicationShutdownHook] j.LocalContainerEntityManagerFactoryBean : Closing JPA EntityManagerFactory for persistence unit 'default'
2025-05-04T11:51:44.811-03:00  INFO 21220 --- [libraryapi] [SpringApplicationShutdownHook] com.zaxxer.hikari.HikariDataSource       : library-db-pool - Shutdown initiated...
2025-05-04T11:51:44.843-03:00  INFO 21220 --- [libraryapi] [SpringApplicationShutdownHook] com.zaxxer.hikari.HikariDataSource       : library-db-pool - Shutdown completed.
2025-05-04T12:17:56.132-03:00  INFO 8688 --- [libraryapi] [main] com.projeto.libraryapi.Application       : Starting Application using Java 21.0.6 with PID 8688 (C:\projetos_spring\libraryapi\target\classes started by morai in C:\projetos_spring\libraryapi)
2025-05-04T12:17:56.138-03:00 DEBUG 8688 --- [libraryapi] [main] com.projeto.libraryapi.Application       : Running with Spring Boot v3.3.4, Spring v6.1.13
2025-05-04T12:17:56.139-03:00  INFO 8688 --- [libraryapi] [main] com.projeto.libraryapi.Application       : No active profile set, falling back to 1 default profile: "default"
2025-05-04T12:18:00.007-03:00  WARN 8688 --- [libraryapi] [main] com.zaxxer.hikari.HikariConfig           : library-db-pool - idleTimeout is close to or more than maxLifetime, disabling it.
2025-05-04T12:18:03.686-03:00 DEBUG 8688 --- [libraryapi] [main] c.p.l.s.JwtCustomAuthenticationFilter    : Filter 'jwtCustomAuthenticationFilter' configured for use
2025-05-04T12:18:04.113-03:00  WARN 8688 --- [libraryapi] [main] JpaBaseConfiguration$JpaWebConfiguration : spring.jpa.open-in-view is enabled by default. Therefore, database queries may be performed during view rendering. Explicitly configure spring.jpa.open-in-view to disable this warning
2025-05-04T12:18:04.141-03:00 TRACE 8688 --- [libraryapi] [main] eGlobalAuthenticationAutowiredConfigurer : Eagerly initializing {authorizathionServerConfiguration=com.projeto.libraryapi.config.AuthorizathionServerConfiguration$$SpringCGLIB$$0@713c8cbb, securityConfiguration=com.projeto.libraryapi.config.SecurityConfiguration$$SpringCGLIB$$0@77737e3e}
2025-05-04T12:18:04.145-03:00  INFO 8688 --- [libraryapi] [main] eAuthenticationProviderManagerConfigurer : Global AuthenticationManager configured with AuthenticationProvider bean with name customAuthenticationProvider
2025-05-04T12:18:04.398-03:00 DEBUG 8688 --- [libraryapi] [main] s.w.s.m.m.a.RequestMappingHandlerMapping : 19 mappings in 'requestMappingHandlerMapping'
2025-05-04T12:18:04.441-03:00 DEBUG 8688 --- [libraryapi] [main] o.s.w.s.handler.SimpleUrlHandlerMapping  : Patterns [/login] in 'viewControllerHandlerMapping'
2025-05-04T12:18:05.581-03:00 DEBUG 8688 --- [libraryapi] [main] o.s.s.web.DefaultSecurityFilterChain     : Will secure org.springframework.security.oauth2.server.authorization.config.annotation.web.configurers.OAuth2AuthorizationServerConfigurer$$Lambda/0x000001de019cdcd8@517d68b8 with filters: DisableEncodeUrlFilter, WebAsyncManagerIntegrationFilter, SecurityContextHolderFilter, AuthorizationServerContextFilter, HeaderWriterFilter, CsrfFilter, OidcLogoutEndpointFilter, LogoutFilter, OAuth2AuthorizationServerMetadataEndpointFilter, OAuth2AuthorizationEndpointFilter, OAuth2DeviceVerificationEndpointFilter, OidcProviderConfigurationEndpointFilter, NimbusJwkSetEndpointFilter, OAuth2ClientAuthenticationFilter, UsernamePasswordAuthenticationFilter, BearerTokenAuthenticationFilter, RequestCacheAwareFilter, SecurityContextHolderAwareRequestFilter, AnonymousAuthenticationFilter, ExceptionTranslationFilter, AuthorizationFilter, OAuth2TokenEndpointFilter, OAuth2TokenIntrospectionEndpointFilter, OAuth2TokenRevocationEndpointFilter, OAuth2DeviceAuthorizationEndpointFilter, OidcUserInfoEndpointFilter
2025-05-04T12:18:05.700-03:00 DEBUG 8688 --- [libraryapi] [main] o.s.s.web.DefaultSecurityFilterChain     : Will secure any request with filters: DisableEncodeUrlFilter, WebAsyncManagerIntegrationFilter, SecurityContextHolderFilter, HeaderWriterFilter, LogoutFilter, OAuth2AuthorizationRequestRedirectFilter, OAuth2LoginAuthenticationFilter, UsernamePasswordAuthenticationFilter, BearerTokenAuthenticationFilter, JwtCustomAuthenticationFilter, RequestCacheAwareFilter, SecurityContextHolderAwareRequestFilter, AnonymousAuthenticationFilter, ExceptionTranslationFilter, AuthorizationFilter
2025-05-04T12:18:05.711-03:00  WARN 8688 --- [libraryapi] [main] o.s.s.c.a.web.builders.WebSecurity       : You are asking Spring Security to ignore Deferred [Mvc [pattern='/v2/api-docs/**'], Ant [pattern='/v2/api-docs/**']]. This is not recommended -- please use permitAll via HttpSecurity#authorizeHttpRequests instead.
2025-05-04T12:18:05.711-03:00 DEBUG 8688 --- [libraryapi] [main] o.s.s.web.DefaultSecurityFilterChain     : Will not secure Deferred [Mvc [pattern='/v2/api-docs/**'], Ant [pattern='/v2/api-docs/**']]
2025-05-04T12:18:05.713-03:00  WARN 8688 --- [libraryapi] [main] o.s.s.c.a.web.builders.WebSecurity       : You are asking Spring Security to ignore Deferred [Mvc [pattern='/v3/api-docs/**'], Ant [pattern='/v3/api-docs/**']]. This is not recommended -- please use permitAll via HttpSecurity#authorizeHttpRequests instead.
2025-05-04T12:18:05.714-03:00 DEBUG 8688 --- [libraryapi] [main] o.s.s.web.DefaultSecurityFilterChain     : Will not secure Deferred [Mvc [pattern='/v3/api-docs/**'], Ant [pattern='/v3/api-docs/**']]
2025-05-04T12:18:05.715-03:00  WARN 8688 --- [libraryapi] [main] o.s.s.c.a.web.builders.WebSecurity       : You are asking Spring Security to ignore Deferred [Mvc [pattern='/swagger-resources/**'], Ant [pattern='/swagger-resources/**']]. This is not recommended -- please use permitAll via HttpSecurity#authorizeHttpRequests instead.
2025-05-04T12:18:05.715-03:00 DEBUG 8688 --- [libraryapi] [main] o.s.s.web.DefaultSecurityFilterChain     : Will not secure Deferred [Mvc [pattern='/swagger-resources/**'], Ant [pattern='/swagger-resources/**']]
2025-05-04T12:18:05.716-03:00  WARN 8688 --- [libraryapi] [main] o.s.s.c.a.web.builders.WebSecurity       : You are asking Spring Security to ignore Deferred [Mvc [pattern='/swagger-ui.html'], Ant [pattern='/swagger-ui.html']]. This is not recommended -- please use permitAll via HttpSecurity#authorizeHttpRequests instead.
2025-05-04T12:18:05.717-03:00 DEBUG 8688 --- [libraryapi] [main] o.s.s.web.DefaultSecurityFilterChain     : Will not secure Deferred [Mvc [pattern='/swagger-ui.html'], Ant [pattern='/swagger-ui.html']]
2025-05-04T12:18:05.718-03:00  WARN 8688 --- [libraryapi] [main] o.s.s.c.a.web.builders.WebSecurity       : You are asking Spring Security to ignore Deferred [Mvc [pattern='/swagger-ui/**'], Ant [pattern='/swagger-ui/**']]. This is not recommended -- please use permitAll via HttpSecurity#authorizeHttpRequests instead.
2025-05-04T12:18:05.718-03:00 DEBUG 8688 --- [libraryapi] [main] o.s.s.web.DefaultSecurityFilterChain     : Will not secure Deferred [Mvc [pattern='/swagger-ui/**'], Ant [pattern='/swagger-ui/**']]
2025-05-04T12:18:05.719-03:00  WARN 8688 --- [libraryapi] [main] o.s.s.c.a.web.builders.WebSecurity       : You are asking Spring Security to ignore Deferred [Mvc [pattern='/webjars/**'], Ant [pattern='/webjars/**']]. This is not recommended -- please use permitAll via HttpSecurity#authorizeHttpRequests instead.
2025-05-04T12:18:05.720-03:00 DEBUG 8688 --- [libraryapi] [main] o.s.s.web.DefaultSecurityFilterChain     : Will not secure Deferred [Mvc [pattern='/webjars/**'], Ant [pattern='/webjars/**']]
2025-05-04T12:18:05.887-03:00 DEBUG 8688 --- [libraryapi] [main] s.w.s.m.m.a.RequestMappingHandlerAdapter : ControllerAdvice beans: 0 @ModelAttribute, 0 @InitBinder, 1 RequestBodyAdvice, 1 ResponseBodyAdvice
2025-05-04T12:18:06.011-03:00 DEBUG 8688 --- [libraryapi] [main] .m.m.a.ExceptionHandlerExceptionResolver : ControllerAdvice beans: 2 @ExceptionHandler, 1 ResponseBodyAdvice
2025-05-04T12:18:06.788-03:00  INFO 8688 --- [libraryapi] [main] com.projeto.libraryapi.Application       : Started Application in 11.935 seconds (process running for 13.716)
2025-05-04T12:28:53.875-03:00  INFO 18772 --- [libraryapi] [main] com.projeto.libraryapi.Application       : Starting Application using Java 21.0.6 with PID 18772 (C:\projetos_spring\libraryapi\target\classes started by morai in C:\projetos_spring\libraryapi)
2025-05-04T12:28:53.879-03:00 DEBUG 18772 --- [libraryapi] [main] com.projeto.libraryapi.Application       : Running with Spring Boot v3.3.4, Spring v6.1.13
2025-05-04T12:28:53.881-03:00  INFO 18772 --- [libraryapi] [main] com.projeto.libraryapi.Application       : No active profile set, falling back to 1 default profile: "default"
2025-05-04T12:28:59.093-03:00  WARN 18772 --- [libraryapi] [main] com.zaxxer.hikari.HikariConfig           : library-db-pool - idleTimeout is close to or more than maxLifetime, disabling it.
2025-05-04T12:29:04.582-03:00 DEBUG 18772 --- [libraryapi] [main] o.s.w.f.ServerHttpObservationFilter      : Filter 'webMvcObservationFilter' configured for use
2025-05-04T12:29:04.585-03:00 DEBUG 18772 --- [libraryapi] [main] c.p.l.s.JwtCustomAuthenticationFilter    : Filter 'jwtCustomAuthenticationFilter' configured for use
2025-05-04T12:29:05.210-03:00  WARN 18772 --- [libraryapi] [main] JpaBaseConfiguration$JpaWebConfiguration : spring.jpa.open-in-view is enabled by default. Therefore, database queries may be performed during view rendering. Explicitly configure spring.jpa.open-in-view to disable this warning
2025-05-04T12:29:05.266-03:00 TRACE 18772 --- [libraryapi] [main] eGlobalAuthenticationAutowiredConfigurer : Eagerly initializing {authorizathionServerConfiguration=com.projeto.libraryapi.config.AuthorizathionServerConfiguration$$SpringCGLIB$$0@65630116, securityConfiguration=com.projeto.libraryapi.config.SecurityConfiguration$$SpringCGLIB$$0@2ecb87b2}
2025-05-04T12:29:05.269-03:00  INFO 18772 --- [libraryapi] [main] eAuthenticationProviderManagerConfigurer : Global AuthenticationManager configured with AuthenticationProvider bean with name customAuthenticationProvider
2025-05-04T12:29:05.577-03:00 DEBUG 18772 --- [libraryapi] [main] s.w.s.m.m.a.RequestMappingHandlerMapping : 19 mappings in 'requestMappingHandlerMapping'
2025-05-04T12:29:05.621-03:00 DEBUG 18772 --- [libraryapi] [main] o.s.w.s.handler.SimpleUrlHandlerMapping  : Patterns [/login] in 'viewControllerHandlerMapping'
2025-05-04T12:29:07.452-03:00 DEBUG 18772 --- [libraryapi] [main] o.s.s.web.DefaultSecurityFilterChain     : Will secure org.springframework.security.oauth2.server.authorization.config.annotation.web.configurers.OAuth2AuthorizationServerConfigurer$$Lambda/0x000001a921a6c3d0@51a3e3b4 with filters: DisableEncodeUrlFilter, WebAsyncManagerIntegrationFilter, SecurityContextHolderFilter, AuthorizationServerContextFilter, HeaderWriterFilter, CsrfFilter, OidcLogoutEndpointFilter, LogoutFilter, OAuth2AuthorizationServerMetadataEndpointFilter, OAuth2AuthorizationEndpointFilter, OAuth2DeviceVerificationEndpointFilter, OidcProviderConfigurationEndpointFilter, NimbusJwkSetEndpointFilter, OAuth2ClientAuthenticationFilter, UsernamePasswordAuthenticationFilter, BearerTokenAuthenticationFilter, RequestCacheAwareFilter, SecurityContextHolderAwareRequestFilter, AnonymousAuthenticationFilter, ExceptionTranslationFilter, AuthorizationFilter, OAuth2TokenEndpointFilter, OAuth2TokenIntrospectionEndpointFilter, OAuth2TokenRevocationEndpointFilter, OAuth2DeviceAuthorizationEndpointFilter, OidcUserInfoEndpointFilter
2025-05-04T12:29:07.616-03:00 DEBUG 18772 --- [libraryapi] [main] o.s.s.web.DefaultSecurityFilterChain     : Will secure any request with filters: DisableEncodeUrlFilter, WebAsyncManagerIntegrationFilter, SecurityContextHolderFilter, HeaderWriterFilter, LogoutFilter, OAuth2AuthorizationRequestRedirectFilter, OAuth2LoginAuthenticationFilter, UsernamePasswordAuthenticationFilter, BearerTokenAuthenticationFilter, JwtCustomAuthenticationFilter, RequestCacheAwareFilter, SecurityContextHolderAwareRequestFilter, AnonymousAuthenticationFilter, ExceptionTranslationFilter, AuthorizationFilter
2025-05-04T12:29:07.637-03:00  WARN 18772 --- [libraryapi] [main] o.s.s.c.a.web.builders.WebSecurity       : You are asking Spring Security to ignore Deferred [Mvc [pattern='/v2/api-docs/**'], Ant [pattern='/v2/api-docs/**']]. This is not recommended -- please use permitAll via HttpSecurity#authorizeHttpRequests instead.
2025-05-04T12:29:07.637-03:00 DEBUG 18772 --- [libraryapi] [main] o.s.s.web.DefaultSecurityFilterChain     : Will not secure Deferred [Mvc [pattern='/v2/api-docs/**'], Ant [pattern='/v2/api-docs/**']]
2025-05-04T12:29:07.637-03:00  WARN 18772 --- [libraryapi] [main] o.s.s.c.a.web.builders.WebSecurity       : You are asking Spring Security to ignore Deferred [Mvc [pattern='/v3/api-docs/**'], Ant [pattern='/v3/api-docs/**']]. This is not recommended -- please use permitAll via HttpSecurity#authorizeHttpRequests instead.
2025-05-04T12:29:07.637-03:00 DEBUG 18772 --- [libraryapi] [main] o.s.s.web.DefaultSecurityFilterChain     : Will not secure Deferred [Mvc [pattern='/v3/api-docs/**'], Ant [pattern='/v3/api-docs/**']]
2025-05-04T12:29:07.637-03:00  WARN 18772 --- [libraryapi] [main] o.s.s.c.a.web.builders.WebSecurity       : You are asking Spring Security to ignore Deferred [Mvc [pattern='/swagger-resources/**'], Ant [pattern='/swagger-resources/**']]. This is not recommended -- please use permitAll via HttpSecurity#authorizeHttpRequests instead.
2025-05-04T12:29:07.637-03:00 DEBUG 18772 --- [libraryapi] [main] o.s.s.web.DefaultSecurityFilterChain     : Will not secure Deferred [Mvc [pattern='/swagger-resources/**'], Ant [pattern='/swagger-resources/**']]
2025-05-04T12:29:07.638-03:00  WARN 18772 --- [libraryapi] [main] o.s.s.c.a.web.builders.WebSecurity       : You are asking Spring Security to ignore Deferred [Mvc [pattern='/swagger-ui.html'], Ant [pattern='/swagger-ui.html']]. This is not recommended -- please use permitAll via HttpSecurity#authorizeHttpRequests instead.
2025-05-04T12:29:07.638-03:00 DEBUG 18772 --- [libraryapi] [main] o.s.s.web.DefaultSecurityFilterChain     : Will not secure Deferred [Mvc [pattern='/swagger-ui.html'], Ant [pattern='/swagger-ui.html']]
2025-05-04T12:29:07.638-03:00  WARN 18772 --- [libraryapi] [main] o.s.s.c.a.web.builders.WebSecurity       : You are asking Spring Security to ignore Deferred [Mvc [pattern='/swagger-ui/**'], Ant [pattern='/swagger-ui/**']]. This is not recommended -- please use permitAll via HttpSecurity#authorizeHttpRequests instead.
2025-05-04T12:29:07.639-03:00 DEBUG 18772 --- [libraryapi] [main] o.s.s.web.DefaultSecurityFilterChain     : Will not secure Deferred [Mvc [pattern='/swagger-ui/**'], Ant [pattern='/swagger-ui/**']]
2025-05-04T12:29:07.639-03:00  WARN 18772 --- [libraryapi] [main] o.s.s.c.a.web.builders.WebSecurity       : You are asking Spring Security to ignore Deferred [Mvc [pattern='/webjars/**'], Ant [pattern='/webjars/**']]. This is not recommended -- please use permitAll via HttpSecurity#authorizeHttpRequests instead.
2025-05-04T12:29:07.639-03:00 DEBUG 18772 --- [libraryapi] [main] o.s.s.web.DefaultSecurityFilterChain     : Will not secure Deferred [Mvc [pattern='/webjars/**'], Ant [pattern='/webjars/**']]
2025-05-04T12:29:07.832-03:00 DEBUG 18772 --- [libraryapi] [main] s.w.s.m.m.a.RequestMappingHandlerAdapter : ControllerAdvice beans: 0 @ModelAttribute, 0 @InitBinder, 1 RequestBodyAdvice, 1 ResponseBodyAdvice
2025-05-04T12:29:07.926-03:00 DEBUG 18772 --- [libraryapi] [main] .m.m.a.ExceptionHandlerExceptionResolver : ControllerAdvice beans: 2 @ExceptionHandler, 1 ResponseBodyAdvice
2025-05-04T12:29:09.488-03:00  INFO 18772 --- [libraryapi] [main] com.projeto.libraryapi.Application       : Started Application in 16.934 seconds (process running for 18.525)
2025-05-04T12:29:10.048-03:00  INFO 18772 --- [libraryapi] [RMI TCP Connection(2)-172.20.96.1] o.s.web.servlet.DispatcherServlet        : Initializing Servlet 'dispatcherServlet'
2025-05-04T12:29:10.048-03:00 DEBUG 18772 --- [libraryapi] [RMI TCP Connection(2)-172.20.96.1] o.s.web.servlet.DispatcherServlet        : Detected StandardServletMultipartResolver
2025-05-04T12:29:10.050-03:00 DEBUG 18772 --- [libraryapi] [RMI TCP Connection(2)-172.20.96.1] o.s.web.servlet.DispatcherServlet        : Detected AcceptHeaderLocaleResolver
2025-05-04T12:29:10.050-03:00 DEBUG 18772 --- [libraryapi] [RMI TCP Connection(2)-172.20.96.1] o.s.web.servlet.DispatcherServlet        : Detected FixedThemeResolver
2025-05-04T12:29:10.061-03:00 DEBUG 18772 --- [libraryapi] [RMI TCP Connection(2)-172.20.96.1] o.s.web.servlet.DispatcherServlet        : Detected org.springframework.web.servlet.view.DefaultRequestToViewNameTranslator@7da3d617
2025-05-04T12:29:10.063-03:00 DEBUG 18772 --- [libraryapi] [RMI TCP Connection(2)-172.20.96.1] o.s.web.servlet.DispatcherServlet        : Detected org.springframework.web.servlet.support.SessionFlashMapManager@73ffe7b0
2025-05-04T12:29:10.064-03:00 DEBUG 18772 --- [libraryapi] [RMI TCP Connection(2)-172.20.96.1] o.s.web.servlet.DispatcherServlet        : enableLoggingRequestDetails='false': request parameters and headers will be masked to prevent unsafe logging of potentially sensitive data
2025-05-04T12:29:10.064-03:00  INFO 18772 --- [libraryapi] [RMI TCP Connection(2)-172.20.96.1] o.s.web.servlet.DispatcherServlet        : Completed initialization in 16 ms
